mode: set
go-shortener-url/internal/app/usecases/shorten_url.go:15.74,25.51 4 0
go-shortener-url/internal/app/usecases/shorten_url.go:29.2,29.23 1 0
go-shortener-url/internal/app/usecases/shorten_url.go:25.51,27.3 1 0
go-shortener-url/internal/app/usecases/get_original_url.go:12.66,14.16 2 1
go-shortener-url/internal/app/usecases/get_original_url.go:18.2,19.16 2 1
go-shortener-url/internal/app/usecases/get_original_url.go:23.2,23.29 1 1
go-shortener-url/internal/app/usecases/get_original_url.go:14.16,16.3 1 1
go-shortener-url/internal/app/usecases/get_original_url.go:19.16,21.3 1 0
go-shortener-url/internal/interfaces/persistence/redis-persistence.go:13.28,23.2 2 0
go-shortener-url/internal/interfaces/persistence/redis-persistence.go:25.52,27.16 2 0
go-shortener-url/internal/interfaces/persistence/redis-persistence.go:31.2,31.12 1 0
go-shortener-url/internal/interfaces/persistence/redis-persistence.go:27.16,29.3 1 0
go-shortener-url/internal/interfaces/persistence/redis-persistence.go:34.64,36.16 2 0
go-shortener-url/internal/interfaces/persistence/redis-persistence.go:43.2,48.17 2 0
go-shortener-url/internal/interfaces/persistence/redis-persistence.go:36.16,37.23 1 0
go-shortener-url/internal/interfaces/persistence/redis-persistence.go:40.3,40.18 1 0
go-shortener-url/internal/interfaces/persistence/redis-persistence.go:37.23,39.4 1 0
